2023-01-07T03:38:28+00:00 DEBUG Tt4b_Pixel_Class::inject_view_content_event: hit injectViewContentEvent
2023-01-07T03:38:28+00:00 DEBUG Tt4b_Pixel_Class::inject_view_content_event: Missing option "access_token"
2023-01-07T03:38:36+00:00 DEBUG Tt4b_Pixel_Class::inject_add_to_cart_event: hit injectAddToCartEvent
2023-01-07T03:38:36+00:00 DEBUG Tt4b_Pixel_Class::inject_add_to_cart_event: Missing option "access_token"
2023-01-07T03:38:36+00:00 DEBUG Tt4b_Pixel_Class::inject_view_content_event: hit injectViewContentEvent
2023-01-07T03:38:36+00:00 DEBUG Tt4b_Pixel_Class::inject_view_content_event: Missing option "access_token"
2023-01-07T03:38:51+00:00 DEBUG Tt4b_Pixel_Class::inject_start_checkout: hit injectStartCheckout
2023-01-07T03:38:51+00:00 DEBUG Tt4b_Pixel_Class::inject_start_checkout: Missing option "access_token"
2023-01-07T03:38:54+00:00 DEBUG Tt4b_Pixel_Class::inject_start_checkout: hit injectStartCheckout
2023-01-07T03:38:54+00:00 DEBUG Tt4b_Pixel_Class::inject_start_checkout: Missing option "access_token"
2023-01-07T03:40:18+00:00 DEBUG Tt4b_Pixel_Class::inject_start_checkout: hit injectStartCheckout
2023-01-07T03:40:18+00:00 DEBUG Tt4b_Pixel_Class::inject_start_checkout: Missing option "access_token"
2023-01-07T03:40:20+00:00 DEBUG Tt4b_Pixel_Class::inject_start_checkout: hit injectStartCheckout
2023-01-07T03:40:20+00:00 DEBUG Tt4b_Pixel_Class::inject_start_checkout: Missing option "access_token"
2023-01-07T03:47:05+00:00 DEBUG Tt4b_Pixel_Class::inject_start_checkout: hit injectStartCheckout
2023-01-07T03:47:05+00:00 DEBUG Tt4b_Pixel_Class::inject_start_checkout: Missing option "access_token"
2023-01-07T03:47:08+00:00 DEBUG Tt4b_Pixel_Class::inject_start_checkout: hit injectStartCheckout
2023-01-07T03:47:08+00:00 DEBUG Tt4b_Pixel_Class::inject_start_checkout: Missing option "access_token"
2023-01-07T03:49:51+00:00 DEBUG Tt4b_Pixel_Class::inject_view_content_event: hit injectViewContentEvent
2023-01-07T03:49:51+00:00 DEBUG Tt4b_Pixel_Class::inject_view_content_event: Missing option "access_token"
2023-01-07T03:53:44+00:00 DEBUG Tt4b_Pixel_Class::inject_view_content_event: hit injectViewContentEvent
2023-01-07T03:53:44+00:00 DEBUG Tt4b_Pixel_Class::inject_view_content_event: Missing option "access_token"
2023-01-07T03:57:02+00:00 DEBUG Tt4b_Pixel_Class::inject_view_content_event: hit injectViewContentEvent
2023-01-07T03:57:02+00:00 DEBUG Tt4b_Pixel_Class::inject_view_content_event: Missing option "access_token"
2023-01-07T03:57:06+00:00 DEBUG Tt4b_Pixel_Class::inject_add_to_cart_event: hit injectAddToCartEvent
2023-01-07T03:57:06+00:00 DEBUG Tt4b_Pixel_Class::inject_add_to_cart_event: Missing option "access_token"
2023-01-07T03:57:07+00:00 DEBUG Tt4b_Pixel_Class::inject_view_content_event: hit injectViewContentEvent
2023-01-07T03:57:07+00:00 DEBUG Tt4b_Pixel_Class::inject_view_content_event: Missing option "access_token"
2023-01-07T03:57:14+00:00 DEBUG Tt4b_Pixel_Class::inject_start_checkout: hit injectStartCheckout
2023-01-07T03:57:14+00:00 DEBUG Tt4b_Pixel_Class::inject_start_checkout: Missing option "access_token"
2023-01-07T03:57:16+00:00 DEBUG Tt4b_Pixel_Class::inject_start_checkout: hit injectStartCheckout
2023-01-07T03:57:16+00:00 DEBUG Tt4b_Pixel_Class::inject_start_checkout: Missing option "access_token"
2023-01-07T08:08:04+00:00 DEBUG Tt4b_Pixel_Class::inject_start_checkout: hit injectStartCheckout
2023-01-07T08:08:04+00:00 DEBUG Tt4b_Pixel_Class::inject_start_checkout: Missing option "access_token"
2023-01-07T08:08:06+00:00 DEBUG Tt4b_Pixel_Class::inject_start_checkout: hit injectStartCheckout
2023-01-07T08:08:06+00:00 DEBUG Tt4b_Pixel_Class::inject_start_checkout: Missing option "access_token"
2023-01-07T08:08:49+00:00 DEBUG Tt4b_Pixel_Class::inject_start_checkout: hit injectStartCheckout
2023-01-07T08:08:49+00:00 DEBUG Tt4b_Pixel_Class::inject_start_checkout: Missing option "access_token"
2023-01-07T08:09:26+00:00 DEBUG Tt4b_Pixel_Class::inject_purchase_event: hit injectPurchaseEvent
2023-01-07T08:09:26+00:00 DEBUG Tt4b_Pixel_Class::inject_purchase_event: Missing option "access_token"
2023-01-07T08:09:27+00:00 DEBUG Tt4b_Pixel_Class::inject_purchase_event: hit injectPurchaseEvent
2023-01-07T08:09:27+00:00 DEBUG Tt4b_Pixel_Class::inject_purchase_event: Missing option "access_token"
2023-01-07T08:14:51+00:00 DEBUG tt4b_product_sync: missing access token for tt4b_product_sync
2023-01-07T08:35:17+00:00 DEBUG tt4b_product_sync: missing access token for tt4b_product_sync
2023-01-07T08:35:31+00:00 DEBUG tt4b_product_sync: missing access token for tt4b_product_sync
2023-01-07T08:36:39+00:00 DEBUG tt4b_product_sync: missing access token for tt4b_product_sync
2023-01-07T08:40:14+00:00 DEBUG tt4b_product_sync: missing access token for tt4b_product_sync
2023-01-07T08:40:24+00:00 DEBUG Tt4b_Pixel_Class::inject_view_content_event: hit injectViewContentEvent
2023-01-07T08:40:24+00:00 DEBUG Tt4b_Pixel_Class::inject_view_content_event: Missing option "access_token"
2023-01-07T08:41:47+00:00 DEBUG Tt4b_Pixel_Class::inject_view_content_event: hit injectViewContentEvent
2023-01-07T08:41:47+00:00 DEBUG Tt4b_Pixel_Class::inject_view_content_event: Missing option "access_token"
2023-01-07T08:48:31+00:00 DEBUG tt4b_product_sync: missing access token for tt4b_product_sync
2023-01-07T08:50:25+00:00 DEBUG Tt4b_Pixel_Class::inject_view_content_event: hit injectViewContentEvent
2023-01-07T08:50:25+00:00 DEBUG Tt4b_Pixel_Class::inject_view_content_event: Missing option "access_token"
2023-01-07T08:51:47+00:00 DEBUG tt4b_product_sync: missing access token for tt4b_product_sync
2023-01-07T08:52:15+00:00 DEBUG tt4b_product_sync: missing access token for tt4b_product_sync
2023-01-07T08:52:29+00:00 DEBUG Tt4b_Pixel_Class::inject_view_content_event: hit injectViewContentEvent
2023-01-07T08:52:29+00:00 DEBUG Tt4b_Pixel_Class::inject_view_content_event: Missing option "access_token"
2023-01-07T08:54:14+00:00 DEBUG tt4b_product_sync: missing access token for tt4b_product_sync
2023-01-07T08:54:37+00:00 DEBUG tt4b_product_sync: missing access token for tt4b_product_sync
2023-01-07T08:56:38+00:00 DEBUG tt4b_product_sync: missing access token for tt4b_product_sync
2023-01-07T08:57:27+00:00 DEBUG tt4b_product_sync: missing access token for tt4b_product_sync
2023-01-07T08:57:35+00:00 DEBUG Tt4b_Pixel_Class::inject_view_content_event: hit injectViewContentEvent
2023-01-07T08:57:35+00:00 DEBUG Tt4b_Pixel_Class::inject_view_content_event: Missing option "access_token"
2023-01-07T08:58:20+00:00 DEBUG Tt4b_Pixel_Class::inject_view_content_event: hit injectViewContentEvent
2023-01-07T08:58:20+00:00 DEBUG Tt4b_Pixel_Class::inject_view_content_event: Missing option "access_token"
2023-01-07T09:00:24+00:00 DEBUG tt4b_product_sync: missing access token for tt4b_product_sync
2023-01-07T09:00:33+00:00 DEBUG tt4b_product_sync: missing access token for tt4b_product_sync
2023-01-07T09:33:01+00:00 DEBUG tt4b_product_sync: missing access token for tt4b_product_sync
2023-01-07T09:33:25+00:00 DEBUG tt4b_product_sync: missing access token for tt4b_product_sync
2023-01-07T09:35:25+00:00 DEBUG tt4b_product_sync: missing access token for tt4b_product_sync
2023-01-07T09:37:30+00:00 DEBUG tt4b_product_sync: missing access token for tt4b_product_sync
2023-01-07T09:37:39+00:00 DEBUG Tt4b_Pixel_Class::inject_view_content_event: hit injectViewContentEvent
2023-01-07T09:37:39+00:00 DEBUG Tt4b_Pixel_Class::inject_view_content_event: Missing option "access_token"
2023-01-07T09:38:15+00:00 DEBUG Tt4b_Pixel_Class::inject_view_content_event: hit injectViewContentEvent
2023-01-07T09:38:15+00:00 DEBUG Tt4b_Pixel_Class::inject_view_content_event: Missing option "access_token"
2023-01-07T09:38:33+00:00 DEBUG tt4b_product_sync: missing access token for tt4b_product_sync
2023-01-07T09:40:09+00:00 DEBUG tt4b_product_sync: missing access token for tt4b_product_sync
2023-01-07T09:41:32+00:00 DEBUG tt4b_product_sync: missing access token for tt4b_product_sync
2023-01-07T09:41:46+00:00 DEBUG Tt4b_Pixel_Class::inject_view_content_event: hit injectViewContentEvent
2023-01-07T09:41:46+00:00 DEBUG Tt4b_Pixel_Class::inject_view_content_event: Missing option "access_token"
2023-01-07T09:42:20+00:00 DEBUG Tt4b_Pixel_Class::inject_view_content_event: hit injectViewContentEvent
2023-01-07T09:42:20+00:00 DEBUG Tt4b_Pixel_Class::inject_view_content_event: Missing option "access_token"
2023-01-07T09:45:18+00:00 DEBUG tt4b_product_sync: missing access token for tt4b_product_sync
2023-01-07T09:45:47+00:00 DEBUG tt4b_product_sync: missing access token for tt4b_product_sync
2023-01-07T09:47:48+00:00 DEBUG tt4b_product_sync: missing access token for tt4b_product_sync
2023-01-07T09:48:48+00:00 DEBUG tt4b_product_sync: missing access token for tt4b_product_sync
2023-01-07T09:49:04+00:00 DEBUG tt4b_product_sync: missing access token for tt4b_product_sync
2023-01-07T09:50:27+00:00 DEBUG tt4b_product_sync: missing access token for tt4b_product_sync
2023-01-07T09:52:43+00:00 DEBUG tt4b_product_sync: missing access token for tt4b_product_sync
2023-01-07T09:53:06+00:00 DEBUG tt4b_product_sync: missing access token for tt4b_product_sync
2023-01-07T09:55:04+00:00 DEBUG tt4b_product_sync: missing access token for tt4b_product_sync
2023-01-07T09:57:38+00:00 DEBUG tt4b_product_sync: missing access token for tt4b_product_sync
2023-01-07T09:58:18+00:00 DEBUG tt4b_product_sync: missing access token for tt4b_product_sync
2023-01-07T09:58:54+00:00 DEBUG tt4b_product_sync: missing access token for tt4b_product_sync
2023-01-07T10:00:03+00:00 DEBUG tt4b_product_sync: missing access token for tt4b_product_sync
2023-01-07T10:00:52+00:00 DEBUG tt4b_product_sync: missing access token for tt4b_product_sync
2023-01-07T10:03:43+00:00 DEBUG Tt4b_Pixel_Class::inject_view_content_event: hit injectViewContentEvent
2023-01-07T10:03:43+00:00 DEBUG Tt4b_Pixel_Class::inject_view_content_event: Missing option "access_token"
2023-01-07T10:04:44+00:00 DEBUG Tt4b_Pixel_Class::inject_view_content_event: hit injectViewContentEvent
2023-01-07T10:04:44+00:00 DEBUG Tt4b_Pixel_Class::inject_view_content_event: Missing option "access_token"
2023-01-07T10:06:37+00:00 DEBUG Tt4b_Pixel_Class::inject_view_content_event: hit injectViewContentEvent
2023-01-07T10:06:37+00:00 DEBUG Tt4b_Pixel_Class::inject_view_content_event: Missing option "access_token"
2023-01-07T10:06:49+00:00 DEBUG Tt4b_Pixel_Class::inject_view_content_event: hit injectViewContentEvent
2023-01-07T10:06:49+00:00 DEBUG Tt4b_Pixel_Class::inject_view_content_event: Missing option "access_token"
2023-01-07T10:07:40+00:00 DEBUG Tt4b_Pixel_Class::inject_view_content_event: hit injectViewContentEvent
2023-01-07T10:07:40+00:00 DEBUG Tt4b_Pixel_Class::inject_view_content_event: Missing option "access_token"
2023-01-07T10:07:46+00:00 DEBUG Tt4b_Pixel_Class::inject_view_content_event: hit injectViewContentEvent
2023-01-07T10:07:46+00:00 DEBUG Tt4b_Pixel_Class::inject_view_content_event: Missing option "access_token"
2023-01-07T10:09:46+00:00 DEBUG Tt4b_Pixel_Class::inject_view_content_event: hit injectViewContentEvent
2023-01-07T10:09:46+00:00 DEBUG Tt4b_Pixel_Class::inject_view_content_event: Missing option "access_token"
2023-01-07T10:11:08+00:00 DEBUG Tt4b_Pixel_Class::inject_view_content_event: hit injectViewContentEvent
2023-01-07T10:11:08+00:00 DEBUG Tt4b_Pixel_Class::inject_view_content_event: Missing option "access_token"
2023-01-07T10:12:10+00:00 DEBUG Tt4b_Pixel_Class::inject_view_content_event: hit injectViewContentEvent
2023-01-07T10:12:10+00:00 DEBUG Tt4b_Pixel_Class::inject_view_content_event: Missing option "access_token"
2023-01-07T10:13:24+00:00 DEBUG Tt4b_Pixel_Class::inject_view_content_event: hit injectViewContentEvent
2023-01-07T10:13:24+00:00 DEBUG Tt4b_Pixel_Class::inject_view_content_event: Missing option "access_token"
2023-01-07T10:17:04+00:00 DEBUG Tt4b_Pixel_Class::inject_view_content_event: hit injectViewContentEvent
2023-01-07T10:17:04+00:00 DEBUG Tt4b_Pixel_Class::inject_view_content_event: Missing option "access_token"
2023-01-07T10:17:13+00:00 DEBUG Tt4b_Pixel_Class::inject_view_content_event: hit injectViewContentEvent
2023-01-07T10:17:13+00:00 DEBUG Tt4b_Pixel_Class::inject_view_content_event: Missing option "access_token"
2023-01-07T10:21:13+00:00 DEBUG Tt4b_Pixel_Class::inject_view_content_event: hit injectViewContentEvent
2023-01-07T10:21:13+00:00 DEBUG Tt4b_Pixel_Class::inject_view_content_event: Missing option "access_token"
2023-01-07T10:21:22+00:00 DEBUG Tt4b_Pixel_Class::inject_add_to_cart_event: hit injectAddToCartEvent
2023-01-07T10:21:22+00:00 DEBUG Tt4b_Pixel_Class::inject_add_to_cart_event: Missing option "access_token"
2023-01-07T10:21:22+00:00 DEBUG Tt4b_Pixel_Class::inject_view_content_event: hit injectViewContentEvent
2023-01-07T10:21:22+00:00 DEBUG Tt4b_Pixel_Class::inject_view_content_event: Missing option "access_token"
2023-01-07T10:21:37+00:00 DEBUG Tt4b_Pixel_Class::inject_add_to_cart_event: hit injectAddToCartEvent
2023-01-07T10:21:37+00:00 DEBUG Tt4b_Pixel_Class::inject_add_to_cart_event: Missing option "access_token"
2023-01-07T10:21:38+00:00 DEBUG Tt4b_Pixel_Class::inject_view_content_event: hit injectViewContentEvent
2023-01-07T10:21:38+00:00 DEBUG Tt4b_Pixel_Class::inject_view_content_event: Missing option "access_token"
2023-01-07T10:22:02+00:00 DEBUG Tt4b_Pixel_Class::inject_start_checkout: hit injectStartCheckout
2023-01-07T10:22:02+00:00 DEBUG Tt4b_Pixel_Class::inject_start_checkout: Missing option "access_token"
2023-01-07T10:22:03+00:00 DEBUG Tt4b_Pixel_Class::inject_start_checkout: hit injectStartCheckout
2023-01-07T10:22:03+00:00 DEBUG Tt4b_Pixel_Class::inject_start_checkout: Missing option "access_token"
2023-01-07T10:35:09+00:00 DEBUG Tt4b_Pixel_Class::inject_view_content_event: hit injectViewContentEvent
2023-01-07T10:35:09+00:00 DEBUG Tt4b_Pixel_Class::inject_view_content_event: Missing option "access_token"
